/var/spool/cron/crontabs
/var/lib/transmission-daemon/info/torrents
/var/lib/transmission-daemon/info/resume
/var/lib/transmission-daemon/info/blocklists
/var/lib/mpd
/var/lib/mpd/playlists
/home/cubie/Desktop
/home/cubie/.mozilla
/root/.mozilla
/root/Desktop
/etc/btsync.d

/etc/transmission-daemon/control.txt
/etc/transmission-daemon/settings.json
/etc/transmission-daemon/watchdog.sh
/var/lib/transmission-daemon/info/stats.json
/var/lib/transmission-daemon/info/dht.dat
/var/lib/transmission-daemon/info/settings.json
/var/lib/dpkg/available
/var/lib/dpkg/diversions
/var/lib/dpkg/statoverride
/var/lib/dpkg/status
/etc/environment
/etc/fstab
/etc/hostname
/etc/hosts
/etc/mpd.conf
/etc/ntp.conf
/etc/rc.local
/etc/resolv.conf
/etc/apt/sources.list
/etc/apt/apt.conf.d/proxy
/etc/init.d/btsync
/etc/init.d/mjpg_streamkick
/etc/init.d/mjpg_streamkick.install
/etc/lightdm/lightdm.conf
/etc/network/interfaces
/etc/samba/smb.conf
/etc/ssh/sshd_config
/root/.d2pi/config.yml
/root/.vnc/pass.txt
/root/.vnc/passwd
/root/xscreensaver
/home/cubie/.vnc/passwd
/home/cubie/xscreensaver
/home/douglas/duckdns/duck.log
/home/douglas/duckdns/duck.sh
/home/user/bittorrent_sync_arm.tar.gz
/home/user/btsync
/home/user/mjpg-streamer.tgz
/usr/local/lib/python2.7/dist-packages/d2pi/mw.py
/usr/local/lib/python2.7/dist-packages/d2pi/mw.sh

